d:\progs\vsprojects\sdl2\sdl2\debug\vc141.pdb
d:\progs\vsprojects\sdl2\sdl2\debug\vc141.idb
d:\progs\vsprojects\sdl2\sdl2\debug\audio.obj
d:\progs\vsprojects\sdl2\sdl2\debug\controlunits.obj
d:\progs\vsprojects\sdl2\sdl2\debug\enemy.obj
d:\progs\vsprojects\sdl2\sdl2\debug\gameover.obj
d:\progs\vsprojects\sdl2\sdl2\debug\gameplay.obj
d:\progs\vsprojects\sdl2\sdl2\debug\intro.obj
d:\progs\vsprojects\sdl2\sdl2\debug\justsdl.obj
d:\progs\vsprojects\sdl2\sdl2\debug\main.obj
d:\progs\vsprojects\sdl2\sdl2\debug\mainmenu.obj
d:\progs\vsprojects\sdl2\sdl2\debug\menubg.obj
d:\progs\vsprojects\sdl2\sdl2\debug\nocontrol.obj
d:\progs\vsprojects\sdl2\sdl2\debug\onebiggame.obj
d:\progs\vsprojects\sdl2\sdl2\debug\pause.obj
d:\progs\vsprojects\sdl2\sdl2\debug\records.obj
d:\progs\vsprojects\sdl2\sdl2\debug\rules.obj
d:\progs\vsprojects\sdl2\sdl2\debug\background.obj
d:\progs\vsprojects\sdl2\sdl2\debug\player.obj
d:\progs\vsprojects\sdl2\sdl2\debug\ui.obj
d:\progs\vsprojects\sdl2\sdl2\debug\username.obj
d:\progs\vsprojects\sdl2\sdl2\debug\weapon.obj
d:\progs\vsprojects\sdl2\debug\sdl2.exe
d:\progs\vsprojects\sdl2\debug\sdl2.ilk
d:\progs\vsprojects\sdl2\debug\sdl2.pdb
d:\progs\vsprojects\sdl2\debug\sdl2.lib
d:\progs\vsprojects\sdl2\debug\sdl2.exp
d:\progs\vsprojects\sdl2\sdl2\debug\sdl2.tlog\cl.command.1.tlog
d:\progs\vsprojects\sdl2\sdl2\debug\sdl2.tlog\cl.read.1.tlog
d:\progs\vsprojects\sdl2\sdl2\debug\sdl2.tlog\cl.write.1.tlog
d:\progs\vsprojects\sdl2\sdl2\debug\sdl2.tlog\link.command.1.tlog
d:\progs\vsprojects\sdl2\sdl2\debug\sdl2.tlog\link.delete.1.tlog
d:\progs\vsprojects\sdl2\sdl2\debug\sdl2.tlog\link.read.1.tlog
d:\progs\vsprojects\sdl2\sdl2\debug\sdl2.tlog\link.write.1.tlog
d:\progs\vsprojects\sdl2\sdl2\debug\sdl2.tlog\sdl2.write.1u.tlog
